Using pre-set license
Built from '2020.3/staging' branch; Version is '2020.3.23f1 (c5d91304a876) revision 12966163'; Using compiler version '192528614'; Build Type 'Release'
OS: 'Windows 10 Pro; OS build 19043.1348; Version 2009; 64bit' Language: 'es' Physical Memory: 16336 MB
BatchMode: 1, IsHumanControllingUs: 0, StartBugReporterOnCrash: 0, Is64bit: 1, IsPro: 0

COMMAND LINE ARGUMENTS:
C:\Program Files\Unity\Hub\Editor\2020.3.23f1\Editor\Unity.exe
-adb2
-batchMode
-noUpm
-name
AssetImportWorker0
-projectPath
D:/ALMI/DAM2/Unity/unityClase/02 - MarioBros
-logFile
Logs/AssetImportWorker0.log
-srvPort
62350
Successfully changed project path to: D:/ALMI/DAM2/Unity/unityClase/02 - MarioBros
D:/ALMI/DAM2/Unity/unityClase/02 - MarioBros
Using Asset Import Pipeline V2.
Refreshing native plugins compatible for Editor in 50.46 ms, found 3 plugins.
Preloading 0 native plugins for Editor in 0.00 ms.
Initialize engine version: 2020.3.23f1 (c5d91304a876)
[Subsystems] Discovering subsystems at path C:/Program Files/Unity/Hub/Editor/2020.3.23f1/Editor/Data/Resources/UnitySubsystems
[Subsystems] Discovering subsystems at path D:/ALMI/DAM2/Unity/unityClase/02 - MarioBros/Assets
GfxDevice: creating device client; threaded=0
Direct3D:
    Version:  Direct3D 11.0 [level 11.1]
    Renderer: NVIDIA GeForce GTX 1050 Ti (ID=0x1c82)
    Vendor:   
    VRAM:     4018 MB
    Driver:   27.21.14.6663
Initialize mono
Mono path[0] = 'C:/Program Files/Unity/Hub/Editor/2020.3.23f1/Editor/Data/Managed'
Mono path[1] = 'C:/Program Files/Unity/Hub/Editor/2020.3.23f1/Editor/Data/MonoBleedingEdge/lib/mono/unityjit'
Mono config path = 'C:/Program Files/Unity/Hub/Editor/2020.3.23f1/Editor/Data/MonoBleedingEdge/etc'
Using monoOptions --debugger-agent=transport=dt_socket,embedding=1,server=y,suspend=n,address=127.0.0.1:56188
Begin MonoManager ReloadAssembly
Registering precompiled unity dll's ...
Register platform support module: C:/Program Files/Unity/Hub/Editor/2020.3.23f1/Editor/Data/PlaybackEngines/WindowsStandaloneSupport/UnityEditor.WindowsStandalone.Extensions.dll
Registered in 0.003452 seconds.
Native extension for WindowsStandalone target not found
Refreshing native plugins compatible for Editor in 49.85 ms, found 3 plugins.
Preloading 0 native plugins for Editor in 0.00 ms.
Mono: successfully reloaded assembly
- Completed reload, in  0.650 seconds
Domain Reload Profiling:
	ReloadAssembly (650ms)
		BeginReloadAssembly (62ms)
			ExecutionOrderSort (0ms)
			DisableScriptedObjects (0ms)
			BackupInstance (0ms)
			ReleaseScriptingObjects (0ms)
			CreateAndSetChildDomain (1ms)
		EndReloadAssembly (500ms)
			LoadAssemblies (59ms)
			RebuildTransferFunctionScriptingTraits (0ms)
			SetupTypeCache (165ms)
			ReleaseScriptCaches (0ms)
			RebuildScriptCaches (34ms)
			SetupLoadedEditorAssemblies (190ms)
				LogAssemblyErrors (0ms)
				InitializePlatformSupportModulesInManaged (5ms)
				SetLoadedEditorAssemblies (0ms)
				RefreshPlugins (50ms)
				BeforeProcessingInitializeOnLoad (9ms)
				ProcessInitializeOnLoadAttributes (92ms)
				ProcessInitializeOnLoadMethodAttributes (34ms)
				AfterProcessingInitializeOnLoad (0ms)
				EditorAssembliesLoaded (0ms)
			ExecutionOrderSort2 (0ms)
			AwakeInstancesAfterBackupRestoration (0ms)
Platform modules already initialized, skipping
Registering precompiled user dll's ...
Registered in 0.003863 seconds.
Begin MonoManager ReloadAssembly
Native extension for WindowsStandalone target not found
Refreshing native plugins compatible for Editor in 52.19 ms, found 3 plugins.
Preloading 0 native plugins for Editor in 0.00 ms.
Mono: successfully reloaded assembly
- Completed reload, in  1.227 seconds
Domain Reload Profiling:
	ReloadAssembly (1227ms)
		BeginReloadAssembly (170ms)
			ExecutionOrderSort (0ms)
			DisableScriptedObjects (5ms)
			BackupInstance (0ms)
			ReleaseScriptingObjects (0ms)
			CreateAndSetChildDomain (25ms)
		EndReloadAssembly (991ms)
			LoadAssemblies (96ms)
			RebuildTransferFunctionScriptingTraits (0ms)
			SetupTypeCache (354ms)
			ReleaseScriptCaches (0ms)
			RebuildScriptCaches (50ms)
			SetupLoadedEditorAssemblies (357ms)
				LogAssemblyErrors (0ms)
				InitializePlatformSupportModulesInManaged (4ms)
				SetLoadedEditorAssemblies (0ms)
				RefreshPlugins (52ms)
				BeforeProcessingInitializeOnLoad (71ms)
				ProcessInitializeOnLoadAttributes (205ms)
				ProcessInitializeOnLoadMethodAttributes (18ms)
				AfterProcessingInitializeOnLoad (7ms)
				EditorAssembliesLoaded (0ms)
			ExecutionOrderSort2 (0ms)
			AwakeInstancesAfterBackupRestoration (7ms)
Platform modules already initialized, skipping
========================================================================
Worker process is ready to serve import requests
Launched and connected shader compiler UnityShaderCompiler.exe after 0.07 seconds
Refreshing native plugins compatible for Editor in 0.49 ms, found 3 plugins.
Preloading 0 native plugins for Editor in 0.00 ms.
Unloading 2195 Unused Serialized files (Serialized files now loaded: 0)
System memory in use before: 95.9 MB.
System memory in use after: 96.0 MB.

Unloading 28 unused Assets to reduce memory usage. Loaded Objects now: 2629.
Total: 3.324300 ms (FindLiveObjects: 0.193300 ms CreateObjectMapping: 0.096100 ms MarkObjects: 2.931900 ms  DeleteObjects: 0.101600 ms)

AssetImportParameters requested are different than current active one (requested -> active):
  custom:framework-win-MediaFoundation: 216162199b28c13a410421893ffa2e32 -> 
  custom:video-decoder-ogg-theora: a1e56fd34408186e4bbccfd4996cb3dc -> 
  custom:container-muxer-webm: aa71ff27fc2769a1b78a27578f13a17b -> 
  custom:container-demuxer-webm: 4f35f7cbe854078d1ac9338744f61a02 -> 
  custom:container-demuxer-ogg: 62fdf1f143b41e24485cea50d1cbac27 -> 
  custom:video-encoder-webm-vp8: eb34c28f22e8b96e1ab97ce403110664 -> 
  custom:video-codec-MediaFoundation-h265: 746d11721c4dcdbdad8f713fa42b33f4 -> 
  custom:video-decoder-webm-vp8: 9c59270c3fd7afecdb556c50c9e8de78 -> 
  custom:audio-decoder-ogg-vorbis: bf7c407c2cedff20999df2af8eb42d56 -> 
  custom:audio-encoder-webm-vorbis: bf7c407c2cedff20999df2af8eb42d56 -> 
========================================================================
Received Import Request.
  path: Assets/Sprites/Sprites/NES---Super-Mario-Bros---Enemies-&-Bosses.png
  artifactKey: Guid(a24b08e312e458c4483da28f53938fff) Importer(815301076,1909f56bfc062723c751e8b465ee728b)
Start importing Assets/Sprites/Sprites/NES---Super-Mario-Bros---Enemies-&-Bosses.png using Guid(a24b08e312e458c4483da28f53938fff) Importer(815301076,1909f56bfc062723c751e8b465ee728b)  -> (artifact id: 'feff6b125693ecc84a6a2bb2cf2f2259') in 0.221331 seconds 
  Import took 0.224868 seconds .

========================================================================
Received Import Request.
  Time since last request: 1.969702 seconds.
  path: Assets/Sprites/Sprites/NES---Super-Mario-Bros---Enemies-&-Bosses.png
  artifactKey: Guid(a24b08e312e458c4483da28f53938fff) Importer(815301076,1909f56bfc062723c751e8b465ee728b)
Start importing Assets/Sprites/Sprites/NES---Super-Mario-Bros---Enemies-&-Bosses.png using Guid(a24b08e312e458c4483da28f53938fff) Importer(815301076,1909f56bfc062723c751e8b465ee728b)  -> (artifact id: '0a2386f6305af2d37a96cec2f7dd350b') in 0.116992 seconds 
  Import took 0.120896 seconds .

========================================================================
Received Import Request.
  Time since last request: 136.231048 seconds.
  path: Assets/Prefabs/BloquePremio.prefab
  artifactKey: Guid(f8208d983e3b1274493db066786d6d73) Importer(815301076,1909f56bfc062723c751e8b465ee728b)
Start importing Assets/Prefabs/BloquePremio.prefab using Guid(f8208d983e3b1274493db066786d6d73) Importer(815301076,1909f56bfc062723c751e8b465ee728b)  -> (artifact id: '23fbee1b92734b16680815a120b8f018') in 0.062480 seconds 
  Import took 0.066567 seconds .

========================================================================
Received Import Request.
  Time since last request: 0.000315 seconds.
  path: Assets/Prefabs/Tuberia.prefab
  artifactKey: Guid(7a8cec3a996b67845846ccc3eae799b6) Importer(815301076,1909f56bfc062723c751e8b465ee728b)
Start importing Assets/Prefabs/Tuberia.prefab using Guid(7a8cec3a996b67845846ccc3eae799b6) Importer(815301076,1909f56bfc062723c751e8b465ee728b)  -> (artifact id: '2f0dcf39df87d3c398a997046013c0ae') in 0.017951 seconds 
  Import took 0.021723 seconds .

========================================================================
Received Import Request.
  Time since last request: 0.000290 seconds.
  path: Assets/Prefabs/tuberiaPeque.prefab
  artifactKey: Guid(73e835bf558e2c34aa5c119a76fee962) Importer(815301076,1909f56bfc062723c751e8b465ee728b)
Start importing Assets/Prefabs/tuberiaPeque.prefab using Guid(73e835bf558e2c34aa5c119a76fee962) Importer(815301076,1909f56bfc062723c751e8b465ee728b)  -> (artifact id: '193ada7d228827f8bf732b4767f765c4') in 0.016301 seconds 
  Import took 0.020064 seconds .

========================================================================
Received Import Request.
  Time since last request: 0.000134 seconds.
  path: Assets/Prefabs/BloqueRompePos3.prefab
  artifactKey: Guid(1c5d8082450823f48881fd312cd3aa50) Importer(815301076,1909f56bfc062723c751e8b465ee728b)
Start importing Assets/Prefabs/BloqueRompePos3.prefab using Guid(1c5d8082450823f48881fd312cd3aa50) Importer(815301076,1909f56bfc062723c751e8b465ee728b)  -> (artifact id: '90f89a26e6997204cf1c0ead1fadae11') in 0.016679 seconds 
  Import took 0.022700 seconds .

========================================================================
Received Import Request.
  Time since last request: 0.000405 seconds.
  path: Assets/Prefabs/tuberiaMediana.prefab
  artifactKey: Guid(716923257ecad73419a89d2a0cc6051e) Importer(815301076,1909f56bfc062723c751e8b465ee728b)
Start importing Assets/Prefabs/tuberiaMediana.prefab using Guid(716923257ecad73419a89d2a0cc6051e) Importer(815301076,1909f56bfc062723c751e8b465ee728b)  -> (artifact id: '8234c85cef971e535b27bbaa6d502060') in 0.015950 seconds 
  Import took 0.020959 seconds .

========================================================================
Received Import Request.
  Time since last request: 0.000354 seconds.
  path: Assets/Prefabs/tuberiaGrande.prefab
  artifactKey: Guid(b7f585a6ba5e0f049b26de9d579d1f00) Importer(815301076,1909f56bfc062723c751e8b465ee728b)
Start importing Assets/Prefabs/tuberiaGrande.prefab using Guid(b7f585a6ba5e0f049b26de9d579d1f00) Importer(815301076,1909f56bfc062723c751e8b465ee728b)  -> (artifact id: 'f556fcffcc6ee3398b96210d830d7b88') in 0.015373 seconds 
  Import took 0.019925 seconds .

========================================================================
Received Import Request.
  Time since last request: 0.000233 seconds.
  path: Assets/Prefabs/BloquePremioPos4.prefab
  artifactKey: Guid(e71b5597693581f4282113175a0308bc) Importer(815301076,1909f56bfc062723c751e8b465ee728b)
Start importing Assets/Prefabs/BloquePremioPos4.prefab using Guid(e71b5597693581f4282113175a0308bc) Importer(815301076,1909f56bfc062723c751e8b465ee728b)  -> (artifact id: '2bb8131079397e28277020d46247bb4c') in 0.015569 seconds 
  Import took 0.019580 seconds .

========================================================================
Received Import Request.
  Time since last request: 0.000161 seconds.
  path: Assets/Prefabs/tuberiaGrandeEntra.prefab
  artifactKey: Guid(68b19e017b058354abc128f5c0bb0acf) Importer(815301076,1909f56bfc062723c751e8b465ee728b)
Start importing Assets/Prefabs/tuberiaGrandeEntra.prefab using Guid(68b19e017b058354abc128f5c0bb0acf) Importer(815301076,1909f56bfc062723c751e8b465ee728b)  -> (artifact id: '80424784bd1518f76e4d1fbd3605d477') in 0.018565 seconds 
  Import took 0.022383 seconds .

========================================================================
Received Import Request.
  Time since last request: 0.000190 seconds.
  path: Assets/Prefabs/tuberiaPequeEntra.prefab
  artifactKey: Guid(e3911ecd964e4ad46963f031068e035b) Importer(815301076,1909f56bfc062723c751e8b465ee728b)
Start importing Assets/Prefabs/tuberiaPequeEntra.prefab using Guid(e3911ecd964e4ad46963f031068e035b) Importer(815301076,1909f56bfc062723c751e8b465ee728b)  -> (artifact id: '31b6c3162efa92df1218e77bf27e37ca') in 0.015230 seconds 
  Import took 0.018780 seconds .

========================================================================
Received Import Request.
  Time since last request: 0.000182 seconds.
  path: Assets/Prefabs/BloqueRomper.prefab
  artifactKey: Guid(f25e6ca9fcc37794494ae087abfb2558) Importer(815301076,1909f56bfc062723c751e8b465ee728b)
Start importing Assets/Prefabs/BloqueRomper.prefab using Guid(f25e6ca9fcc37794494ae087abfb2558) Importer(815301076,1909f56bfc062723c751e8b465ee728b)  -> (artifact id: 'c4379611d2ae2d2c89051b1961ff1e67') in 0.019128 seconds 
  Import took 0.022889 seconds .

========================================================================
Received Import Request.
  Time since last request: 4.125265 seconds.
  path: Assets/Prefabs/NESMarioLuigi_0.controller
  artifactKey: Guid(f279f2217bb400246a4c8c7223c7aede) Importer(815301076,1909f56bfc062723c751e8b465ee728b)
Start importing Assets/Prefabs/NESMarioLuigi_0.controller using Guid(f279f2217bb400246a4c8c7223c7aede) Importer(815301076,1909f56bfc062723c751e8b465ee728b)  -> (artifact id: 'bc2fae1b56c6026fc1dba785920f31d1') in 0.010452 seconds 
  Import took 0.014051 seconds .

========================================================================
Received Import Request.
  Time since last request: 2.435476 seconds.
  path: Assets/Prefabs/premioMoneda.anim
  artifactKey: Guid(aa1f245d3cb55c149a3814d5cb4f1fb3) Importer(815301076,1909f56bfc062723c751e8b465ee728b)
Start importing Assets/Prefabs/premioMoneda.anim using Guid(aa1f245d3cb55c149a3814d5cb4f1fb3) Importer(815301076,1909f56bfc062723c751e8b465ee728b)  -> (artifact id: '2eaf35348357d19629d3946ff2868366') in 0.007739 seconds 
  Import took 0.011401 seconds .

========================================================================
Received Import Request.
  Time since last request: 0.960429 seconds.
  path: Assets/Prefabs/premioMonedaVacio.anim
  artifactKey: Guid(c7866ed00baafbf4c814358945b7097d) Importer(815301076,1909f56bfc062723c751e8b465ee728b)
Start importing Assets/Prefabs/premioMonedaVacio.anim using Guid(c7866ed00baafbf4c814358945b7097d) Importer(815301076,1909f56bfc062723c751e8b465ee728b)  -> (artifact id: '219eb0ab72a124e0a0dfcc85599e76fa') in 0.008283 seconds 
  Import took 0.029747 seconds .

========================================================================
Received Import Request.
  Time since last request: 139.477770 seconds.
  path: Assets/Prefabs/NES---Super-Mario-Bros---Enemies-&-Bosses_18.prefab
  artifactKey: Guid(291463e3728159d4aa3d4945487c4684) Importer(815301076,1909f56bfc062723c751e8b465ee728b)
Start importing Assets/Prefabs/NES---Super-Mario-Bros---Enemies-&-Bosses_18.prefab using Guid(291463e3728159d4aa3d4945487c4684) Importer(815301076,1909f56bfc062723c751e8b465ee728b) The Animator Controller (NES---Super-Mario-Bros---Enemies-&-Bosses_18) you have used is not valid. Animations will not play
UnityEngine.StackTraceUtility:ExtractStackTrace ()
UnityEditor.EditorUtility:Internal_InstantiateRemoveAllNonAnimationComponentsSingle (UnityEngine.Object,UnityEngine.Vector3,UnityEngine.Quaternion)
UnityEditor.EditorUtility:InstantiateRemoveAllNonAnimationComponents (UnityEngine.Object,UnityEngine.Vector3,UnityEngine.Quaternion)
UnityEditor.EditorUtility:InstantiateForAnimatorPreview (UnityEngine.Object)
UnityEditor.GameObjectInspector/PreviewData:UpdateGameObject (UnityEngine.Object)
UnityEditor.GameObjectInspector/PreviewData:.ctor (UnityEngine.Object)
UnityEditor.GameObjectInspector:GetPreviewData ()
UnityEditor.GameObjectInspector:RenderStaticPreview (string,UnityEngine.Object[],int,int)
UnityEditor.AssetPreviewUpdater:CreatePreviewForAsset (UnityEngine.Object,UnityEngine.Object[],string)

[C:\buildslave\unity\build\Modules/Animation/Director/AnimatorControllerPlayable.cpp line 333]

The Animator Controller (NES---Super-Mario-Bros---Enemies-&-Bosses_18) you have used is not valid. Animations will not play
UnityEngine.StackTraceUtility:ExtractStackTrace ()
UnityEditor.EditorUtility:InitInstantiatedPreviewRecursive (UnityEngine.GameObject)
UnityEditor.EditorUtility:InstantiateForAnimatorPreview (UnityEngine.Object)
UnityEditor.GameObjectInspector/PreviewData:UpdateGameObject (UnityEngine.Object)
UnityEditor.GameObjectInspector/PreviewData:.ctor (UnityEngine.Object)
UnityEditor.GameObjectInspector:GetPreviewData ()
UnityEditor.GameObjectInspector:RenderStaticPreview (string,UnityEngine.Object[],int,int)
UnityEditor.AssetPreviewUpdater:CreatePreviewForAsset (UnityEngine.Object,UnityEngine.Object[],string)

[C:\buildslave\unity\build\Modules/Animation/Director/AnimatorControllerPlayable.cpp line 333]

 -> (artifact id: '9f82bf598f2768c1d843c0a5631b23d9') in 0.017043 seconds 
  Import took 0.022936 seconds .

========================================================================
Received Import Request.
  Time since last request: 33.339836 seconds.
  path: Assets/Scripts
  artifactKey: Guid(aa6c17b87db4a8c43a4883b249eb2310) Importer(815301076,1909f56bfc062723c751e8b465ee728b)
Start importing Assets/Scripts using Guid(aa6c17b87db4a8c43a4883b249eb2310) Importer(815301076,1909f56bfc062723c751e8b465ee728b)  -> (artifact id: '155eb4d35bb79c2297abf4527f6f7192') in 0.007028 seconds 
  Import took 0.010539 seconds .

========================================================================
Received Import Request.
  Time since last request: 8.439914 seconds.
  path: Assets/Scripts/SetaMalaControler.cs
  artifactKey: Guid(25187e4613b1b424ebec23a288b903e5) Importer(815301076,1909f56bfc062723c751e8b465ee728b)
Start importing Assets/Scripts/SetaMalaControler.cs using Guid(25187e4613b1b424ebec23a288b903e5) Importer(815301076,1909f56bfc062723c751e8b465ee728b)  -> (artifact id: '8615af732593a0ac279ae1d6ab5ff3ba') in 0.012232 seconds 
  Import took 0.015801 seconds .

========================================================================
Received Prepare
Registering precompiled user dll's ...
Registered in 0.003610 seconds.
Begin MonoManager ReloadAssembly
Native extension for WindowsStandalone target not found
Refreshing native plugins compatible for Editor in 0.50 ms, found 3 plugins.
Preloading 0 native plugins for Editor in 0.00 ms.
Mono: successfully reloaded assembly
- Completed reload, in  1.254 seconds
Domain Reload Profiling:
	ReloadAssembly (1254ms)
		BeginReloadAssembly (173ms)
			ExecutionOrderSort (0ms)
			DisableScriptedObjects (12ms)
			BackupInstance (0ms)
			ReleaseScriptingObjects (0ms)
			CreateAndSetChildDomain (57ms)
		EndReloadAssembly (1007ms)
			LoadAssemblies (149ms)
			RebuildTransferFunctionScriptingTraits (0ms)
			SetupTypeCache (408ms)
			ReleaseScriptCaches (1ms)
			RebuildScriptCaches (47ms)
			SetupLoadedEditorAssemblies (297ms)
				LogAssemblyErrors (0ms)
				InitializePlatformSupportModulesInManaged (5ms)
				SetLoadedEditorAssemblies (1ms)
				RefreshPlugins (1ms)
				BeforeProcessingInitializeOnLoad (62ms)
				ProcessInitializeOnLoadAttributes (210ms)
				ProcessInitializeOnLoadMethodAttributes (12ms)
				AfterProcessingInitializeOnLoad (7ms)
				EditorAssembliesLoaded (0ms)
			ExecutionOrderSort2 (0ms)
			AwakeInstancesAfterBackupRestoration (9ms)
Platform modules already initialized, skipping
Refreshing native plugins compatible for Editor in 0.52 ms, found 3 plugins.
Preloading 0 native plugins for Editor in 0.00 ms.
Unloading 2185 Unused Serialized files (Serialized files now loaded: 0)
System memory in use before: 98.5 MB.
System memory in use after: 98.6 MB.

Unloading 17 unused Assets to reduce memory usage. Loaded Objects now: 2665.
Total: 3.093900 ms (FindLiveObjects: 0.199500 ms CreateObjectMapping: 0.094700 ms MarkObjects: 2.758600 ms  DeleteObjects: 0.040000 ms)

AssetImportParameters requested are different than current active one (requested -> active):
  custom:framework-win-MediaFoundation: 216162199b28c13a410421893ffa2e32 -> 
  custom:video-decoder-ogg-theora: a1e56fd34408186e4bbccfd4996cb3dc -> 
  custom:container-muxer-webm: aa71ff27fc2769a1b78a27578f13a17b -> 
  custom:container-demuxer-webm: 4f35f7cbe854078d1ac9338744f61a02 -> 
  custom:container-demuxer-ogg: 62fdf1f143b41e24485cea50d1cbac27 -> 
  custom:video-encoder-webm-vp8: eb34c28f22e8b96e1ab97ce403110664 -> 
  custom:video-codec-MediaFoundation-h265: 746d11721c4dcdbdad8f713fa42b33f4 -> 
  custom:video-decoder-webm-vp8: 9c59270c3fd7afecdb556c50c9e8de78 -> 
  custom:audio-decoder-ogg-vorbis: bf7c407c2cedff20999df2af8eb42d56 -> 
  custom:audio-encoder-webm-vorbis: bf7c407c2cedff20999df2af8eb42d56 -> 
AssetImportWorkerClient::OnTransportError - code=2 error=End of file
